<?xml version="1.0" encoding="UTF-8"?>
<testsuite xmlns:xsi="http://www.w3.org/2001/XMLSchema-instance" xsi:noNamespaceSchemaLocation="https://maven.apache.org/surefire/maven-surefire-plugin/xsd/surefire-test-report-3.0.xsd" version="3.0" name="com.example.AppTest" time="0.027" tests="1" errors="0" skipped="0" failures="0">
  <properties>
    <property name="java.specification.version" value="23"/>
    <property name="sun.jnu.encoding" value="UTF-8"/>
    <property name="java.class.path" value="/Users/adrian.leal/Downloads/cosmosjavakafka/cosmosdb-to-kafka/target/test-classes:/Users/adrian.leal/Downloads/cosmosjavakafka/cosmosdb-to-kafka/target/classes:/Users/adrian.leal/.m2/repository/junit/junit/3.8.1/junit-3.8.1.jar:/Users/adrian.leal/.m2/repository/com/azure/azure-cosmos/4.29.0/azure-cosmos-4.29.0.jar:/Users/adrian.leal/.m2/repository/com/azure/azure-core/1.27.0/azure-core-1.27.0.jar:/Users/adrian.leal/.m2/repository/com/fasterxml/jackson/dataformat/jackson-dataformat-xml/2.13.2/jackson-dataformat-xml-2.13.2.jar:/Users/adrian.leal/.m2/repository/org/codehaus/woodstox/stax2-api/4.2.1/stax2-api-4.2.1.jar:/Users/adrian.leal/.m2/repository/com/fasterxml/woodstox/woodstox-core/6.2.7/woodstox-core-6.2.7.jar:/Users/adrian.leal/.m2/repository/io/projectreactor/reactor-core/3.4.14/reactor-core-3.4.14.jar:/Users/adrian.leal/.m2/repository/org/reactivestreams/reactive-streams/1.0.3/reactive-streams-1.0.3.jar:/Users/adrian.leal/.m2/repository/io/netty/netty-tcnative-boringssl-static/2.0.47.Final/netty-tcnative-boringssl-static-2.0.47.Final.jar:/Users/adrian.leal/.m2/repository/io/netty/netty-tcnative-classes/2.0.47.Final/netty-tcnative-classes-2.0.47.Final.jar:/Users/adrian.leal/.m2/repository/com/azure/azure-core-http-netty/1.11.9/azure-core-http-netty-1.11.9.jar:/Users/adrian.leal/.m2/repository/io/netty/netty-handler/4.1.73.Final/netty-handler-4.1.73.Final.jar:/Users/adrian.leal/.m2/repository/io/netty/netty-common/4.1.73.Final/netty-common-4.1.73.Final.jar:/Users/adrian.leal/.m2/repository/io/netty/netty-resolver/4.1.73.Final/netty-resolver-4.1.73.Final.jar:/Users/adrian.leal/.m2/repository/io/netty/netty-transport/4.1.73.Final/netty-transport-4.1.73.Final.jar:/Users/adrian.leal/.m2/repository/io/netty/netty-codec/4.1.73.Final/netty-codec-4.1.73.Final.jar:/Users/adrian.leal/.m2/repository/io/netty/netty-handler-proxy/4.1.73.Final/netty-handler-proxy-4.1.73.Final.jar:/Users/adrian.leal/.m2/repository/io/netty/netty-codec-socks/4.1.73.Final/netty-codec-socks-4.1.73.Final.jar:/Users/adrian.leal/.m2/repository/io/netty/netty-buffer/4.1.73.Final/netty-buffer-4.1.73.Final.jar:/Users/adrian.leal/.m2/repository/io/netty/netty-codec-http/4.1.73.Final/netty-codec-http-4.1.73.Final.jar:/Users/adrian.leal/.m2/repository/io/netty/netty-codec-http2/4.1.73.Final/netty-codec-http2-4.1.73.Final.jar:/Users/adrian.leal/.m2/repository/io/netty/netty-transport-native-unix-common/4.1.73.Final/netty-transport-native-unix-common-4.1.73.Final.jar:/Users/adrian.leal/.m2/repository/io/netty/netty-transport-native-epoll/4.1.73.Final/netty-transport-native-epoll-4.1.73.Final-linux-x86_64.jar:/Users/adrian.leal/.m2/repository/io/netty/netty-transport-classes-epoll/4.1.73.Final/netty-transport-classes-epoll-4.1.73.Final.jar:/Users/adrian.leal/.m2/repository/io/netty/netty-transport-native-kqueue/4.1.73.Final/netty-transport-native-kqueue-4.1.73.Final-osx-x86_64.jar:/Users/adrian.leal/.m2/repository/io/netty/netty-transport-classes-kqueue/4.1.73.Final/netty-transport-classes-kqueue-4.1.73.Final.jar:/Users/adrian.leal/.m2/repository/io/projectreactor/netty/reactor-netty-http/1.0.15/reactor-netty-http-1.0.15.jar:/Users/adrian.leal/.m2/repository/io/netty/netty-resolver-dns/4.1.72.Final/netty-resolver-dns-4.1.72.Final.jar:/Users/adrian.leal/.m2/repository/io/netty/netty-codec-dns/4.1.72.Final/netty-codec-dns-4.1.72.Final.jar:/Users/adrian.leal/.m2/repository/io/netty/netty-resolver-dns-native-macos/4.1.72.Final/netty-resolver-dns-native-macos-4.1.72.Final-osx-x86_64.jar:/Users/adrian.leal/.m2/repository/io/netty/netty-resolver-dns-classes-macos/4.1.72.Final/netty-resolver-dns-classes-macos-4.1.72.Final.jar:/Users/adrian.leal/.m2/repository/io/projectreactor/netty/reactor-netty-core/1.0.15/reactor-netty-core-1.0.15.jar:/Users/adrian.leal/.m2/repository/com/fasterxml/jackson/module/jackson-module-afterburner/2.13.2/jackson-module-afterburner-2.13.2.jar:/Users/adrian.leal/.m2/repository/com/fasterxml/jackson/core/jackson-annotations/2.13.2/jackson-annotations-2.13.2.jar:/Users/adrian.leal/.m2/repository/com/fasterxml/jackson/core/jackson-core/2.13.2/jackson-core-2.13.2.jar:/Users/adrian.leal/.m2/repository/com/fasterxml/jackson/core/jackson-databind/2.13.2.2/jackson-databind-2.13.2.2.jar:/Users/adrian.leal/.m2/repository/com/fasterxml/jackson/datatype/jackson-datatype-jsr310/2.13.2/jackson-datatype-jsr310-2.13.2.jar:/Users/adrian.leal/.m2/repository/org/slf4j/slf4j-api/1.7.36/slf4j-api-1.7.36.jar:/Users/adrian.leal/.m2/repository/org/hdrhistogram/HdrHistogram/2.1.12/HdrHistogram-2.1.12.jar:/Users/adrian.leal/.m2/repository/io/dropwizard/metrics/metrics-core/4.1.0/metrics-core-4.1.0.jar:/Users/adrian.leal/.m2/repository/io/micrometer/micrometer-core/1.8.4/micrometer-core-1.8.4.jar:/Users/adrian.leal/.m2/repository/org/latencyutils/LatencyUtils/2.0.3/LatencyUtils-2.0.3.jar:/Users/adrian.leal/.m2/repository/org/apache/kafka/kafka-clients/3.0.0/kafka-clients-3.0.0.jar:/Users/adrian.leal/.m2/repository/com/github/luben/zstd-jni/1.5.0-2/zstd-jni-1.5.0-2.jar:/Users/adrian.leal/.m2/repository/org/lz4/lz4-java/1.7.1/lz4-java-1.7.1.jar:/Users/adrian.leal/.m2/repository/org/xerial/snappy/snappy-java/1.1.8.1/snappy-java-1.1.8.1.jar:/Users/adrian.leal/.m2/repository/org/mongodb/mongodb-driver-sync/4.9.1/mongodb-driver-sync-4.9.1.jar:/Users/adrian.leal/.m2/repository/org/mongodb/bson/4.9.1/bson-4.9.1.jar:/Users/adrian.leal/.m2/repository/org/mongodb/mongodb-driver-core/4.9.1/mongodb-driver-core-4.9.1.jar:/Users/adrian.leal/.m2/repository/org/mongodb/bson-record-codec/4.9.1/bson-record-codec-4.9.1.jar:"/>
    <property name="java.vm.vendor" value="Homebrew"/>
    <property name="sun.arch.data.model" value="64"/>
    <property name="java.vendor.url" value="https://github.com/Homebrew/homebrew-core/issues"/>
    <property name="os.name" value="Mac OS X"/>
    <property name="java.vm.specification.version" value="23"/>
    <property name="sun.java.launcher" value="SUN_STANDARD"/>
    <property name="user.country" value="US"/>
    <property name="sun.boot.library.path" value="/opt/homebrew/Cellar/openjdk/23.0.1/libexec/openjdk.jdk/Contents/Home/lib"/>
    <property name="sun.java.command" value="/Users/adrian.leal/Downloads/cosmosjavakafka/cosmosdb-to-kafka/target/surefire/surefirebooter-20250123124529071_3.jar /Users/adrian.leal/Downloads/cosmosjavakafka/cosmosdb-to-kafka/target/surefire 2025-01-23T12-45-29_034-jvmRun1 surefire-20250123124529071_1tmp surefire_0-20250123124529071_2tmp"/>
    <property name="jdk.debug" value="release"/>
    <property name="surefire.test.class.path" value="/Users/adrian.leal/Downloads/cosmosjavakafka/cosmosdb-to-kafka/target/test-classes:/Users/adrian.leal/Downloads/cosmosjavakafka/cosmosdb-to-kafka/target/classes:/Users/adrian.leal/.m2/repository/junit/junit/3.8.1/junit-3.8.1.jar:/Users/adrian.leal/.m2/repository/com/azure/azure-cosmos/4.29.0/azure-cosmos-4.29.0.jar:/Users/adrian.leal/.m2/repository/com/azure/azure-core/1.27.0/azure-core-1.27.0.jar:/Users/adrian.leal/.m2/repository/com/fasterxml/jackson/dataformat/jackson-dataformat-xml/2.13.2/jackson-dataformat-xml-2.13.2.jar:/Users/adrian.leal/.m2/repository/org/codehaus/woodstox/stax2-api/4.2.1/stax2-api-4.2.1.jar:/Users/adrian.leal/.m2/repository/com/fasterxml/woodstox/woodstox-core/6.2.7/woodstox-core-6.2.7.jar:/Users/adrian.leal/.m2/repository/io/projectreactor/reactor-core/3.4.14/reactor-core-3.4.14.jar:/Users/adrian.leal/.m2/repository/org/reactivestreams/reactive-streams/1.0.3/reactive-streams-1.0.3.jar:/Users/adrian.leal/.m2/repository/io/netty/netty-tcnative-boringssl-static/2.0.47.Final/netty-tcnative-boringssl-static-2.0.47.Final.jar:/Users/adrian.leal/.m2/repository/io/netty/netty-tcnative-classes/2.0.47.Final/netty-tcnative-classes-2.0.47.Final.jar:/Users/adrian.leal/.m2/repository/com/azure/azure-core-http-netty/1.11.9/azure-core-http-netty-1.11.9.jar:/Users/adrian.leal/.m2/repository/io/netty/netty-handler/4.1.73.Final/netty-handler-4.1.73.Final.jar:/Users/adrian.leal/.m2/repository/io/netty/netty-common/4.1.73.Final/netty-common-4.1.73.Final.jar:/Users/adrian.leal/.m2/repository/io/netty/netty-resolver/4.1.73.Final/netty-resolver-4.1.73.Final.jar:/Users/adrian.leal/.m2/repository/io/netty/netty-transport/4.1.73.Final/netty-transport-4.1.73.Final.jar:/Users/adrian.leal/.m2/repository/io/netty/netty-codec/4.1.73.Final/netty-codec-4.1.73.Final.jar:/Users/adrian.leal/.m2/repository/io/netty/netty-handler-proxy/4.1.73.Final/netty-handler-proxy-4.1.73.Final.jar:/Users/adrian.leal/.m2/repository/io/netty/netty-codec-socks/4.1.73.Final/netty-codec-socks-4.1.73.Final.jar:/Users/adrian.leal/.m2/repository/io/netty/netty-buffer/4.1.73.Final/netty-buffer-4.1.73.Final.jar:/Users/adrian.leal/.m2/repository/io/netty/netty-codec-http/4.1.73.Final/netty-codec-http-4.1.73.Final.jar:/Users/adrian.leal/.m2/repository/io/netty/netty-codec-http2/4.1.73.Final/netty-codec-http2-4.1.73.Final.jar:/Users/adrian.leal/.m2/repository/io/netty/netty-transport-native-unix-common/4.1.73.Final/netty-transport-native-unix-common-4.1.73.Final.jar:/Users/adrian.leal/.m2/repository/io/netty/netty-transport-native-epoll/4.1.73.Final/netty-transport-native-epoll-4.1.73.Final-linux-x86_64.jar:/Users/adrian.leal/.m2/repository/io/netty/netty-transport-classes-epoll/4.1.73.Final/netty-transport-classes-epoll-4.1.73.Final.jar:/Users/adrian.leal/.m2/repository/io/netty/netty-transport-native-kqueue/4.1.73.Final/netty-transport-native-kqueue-4.1.73.Final-osx-x86_64.jar:/Users/adrian.leal/.m2/repository/io/netty/netty-transport-classes-kqueue/4.1.73.Final/netty-transport-classes-kqueue-4.1.73.Final.jar:/Users/adrian.leal/.m2/repository/io/projectreactor/netty/reactor-netty-http/1.0.15/reactor-netty-http-1.0.15.jar:/Users/adrian.leal/.m2/repository/io/netty/netty-resolver-dns/4.1.72.Final/netty-resolver-dns-4.1.72.Final.jar:/Users/adrian.leal/.m2/repository/io/netty/netty-codec-dns/4.1.72.Final/netty-codec-dns-4.1.72.Final.jar:/Users/adrian.leal/.m2/repository/io/netty/netty-resolver-dns-native-macos/4.1.72.Final/netty-resolver-dns-native-macos-4.1.72.Final-osx-x86_64.jar:/Users/adrian.leal/.m2/repository/io/netty/netty-resolver-dns-classes-macos/4.1.72.Final/netty-resolver-dns-classes-macos-4.1.72.Final.jar:/Users/adrian.leal/.m2/repository/io/projectreactor/netty/reactor-netty-core/1.0.15/reactor-netty-core-1.0.15.jar:/Users/adrian.leal/.m2/repository/com/fasterxml/jackson/module/jackson-module-afterburner/2.13.2/jackson-module-afterburner-2.13.2.jar:/Users/adrian.leal/.m2/repository/com/fasterxml/jackson/core/jackson-annotations/2.13.2/jackson-annotations-2.13.2.jar:/Users/adrian.leal/.m2/repository/com/fasterxml/jackson/core/jackson-core/2.13.2/jackson-core-2.13.2.jar:/Users/adrian.leal/.m2/repository/com/fasterxml/jackson/core/jackson-databind/2.13.2.2/jackson-databind-2.13.2.2.jar:/Users/adrian.leal/.m2/repository/com/fasterxml/jackson/datatype/jackson-datatype-jsr310/2.13.2/jackson-datatype-jsr310-2.13.2.jar:/Users/adrian.leal/.m2/repository/org/slf4j/slf4j-api/1.7.36/slf4j-api-1.7.36.jar:/Users/adrian.leal/.m2/repository/org/hdrhistogram/HdrHistogram/2.1.12/HdrHistogram-2.1.12.jar:/Users/adrian.leal/.m2/repository/io/dropwizard/metrics/metrics-core/4.1.0/metrics-core-4.1.0.jar:/Users/adrian.leal/.m2/repository/io/micrometer/micrometer-core/1.8.4/micrometer-core-1.8.4.jar:/Users/adrian.leal/.m2/repository/org/latencyutils/LatencyUtils/2.0.3/LatencyUtils-2.0.3.jar:/Users/adrian.leal/.m2/repository/org/apache/kafka/kafka-clients/3.0.0/kafka-clients-3.0.0.jar:/Users/adrian.leal/.m2/repository/com/github/luben/zstd-jni/1.5.0-2/zstd-jni-1.5.0-2.jar:/Users/adrian.leal/.m2/repository/org/lz4/lz4-java/1.7.1/lz4-java-1.7.1.jar:/Users/adrian.leal/.m2/repository/org/xerial/snappy/snappy-java/1.1.8.1/snappy-java-1.1.8.1.jar:/Users/adrian.leal/.m2/repository/org/mongodb/mongodb-driver-sync/4.9.1/mongodb-driver-sync-4.9.1.jar:/Users/adrian.leal/.m2/repository/org/mongodb/bson/4.9.1/bson-4.9.1.jar:/Users/adrian.leal/.m2/repository/org/mongodb/mongodb-driver-core/4.9.1/mongodb-driver-core-4.9.1.jar:/Users/adrian.leal/.m2/repository/org/mongodb/bson-record-codec/4.9.1/bson-record-codec-4.9.1.jar:"/>
    <property name="sun.cpu.endian" value="little"/>
    <property name="user.home" value="/Users/adrian.leal"/>
    <property name="user.language" value="en"/>
    <property name="java.specification.vendor" value="Oracle Corporation"/>
    <property name="java.version.date" value="2024-10-15"/>
    <property name="java.home" value="/opt/homebrew/Cellar/openjdk/23.0.1/libexec/openjdk.jdk/Contents/Home"/>
    <property name="file.separator" value="/"/>
    <property name="basedir" value="/Users/adrian.leal/Downloads/cosmosjavakafka/cosmosdb-to-kafka"/>
    <property name="java.vm.compressedOopsMode" value="Zero based"/>
    <property name="line.separator" value="&#10;"/>
    <property name="java.specification.name" value="Java Platform API Specification"/>
    <property name="java.vm.specification.vendor" value="Oracle Corporation"/>
    <property name="apple.awt.application.name" value="ForkedBooter"/>
    <property name="surefire.real.class.path" value="/Users/adrian.leal/Downloads/cosmosjavakafka/cosmosdb-to-kafka/target/surefire/surefirebooter-20250123124529071_3.jar"/>
    <property name="sun.management.compiler" value="HotSpot 64-Bit Tiered Compilers"/>
    <property name="java.runtime.version" value="23.0.1"/>
    <property name="user.name" value="adrian.leal"/>
    <property name="stdout.encoding" value="UTF-8"/>
    <property name="path.separator" value=":"/>
    <property name="os.version" value="14.7.2"/>
    <property name="java.runtime.name" value="OpenJDK Runtime Environment"/>
    <property name="file.encoding" value="UTF-8"/>
    <property name="java.vm.name" value="OpenJDK 64-Bit Server VM"/>
    <property name="java.vendor.version" value="Homebrew"/>
    <property name="localRepository" value="/Users/adrian.leal/.m2/repository"/>
    <property name="java.vendor.url.bug" value="https://github.com/Homebrew/homebrew-core/issues"/>
    <property name="java.io.tmpdir" value="/var/folders/0z/qd_9tjdn1w99hyjcqzxm166c0000gp/T/"/>
    <property name="java.version" value="23.0.1"/>
    <property name="user.dir" value="/Users/adrian.leal/Downloads/cosmosjavakafka/cosmosdb-to-kafka"/>
    <property name="os.arch" value="aarch64"/>
    <property name="java.vm.specification.name" value="Java Virtual Machine Specification"/>
    <property name="native.encoding" value="UTF-8"/>
    <property name="java.library.path" value="/Users/adrian.leal/Library/Java/Extensions:/Library/Java/Extensions:/Network/Library/Java/Extensions:/System/Library/Java/Extensions:/usr/lib/java:."/>
    <property name="java.vm.info" value="mixed mode, sharing"/>
    <property name="stderr.encoding" value="UTF-8"/>
    <property name="java.vendor" value="Homebrew"/>
    <property name="java.vm.version" value="23.0.1"/>
    <property name="sun.io.unicode.encoding" value="UnicodeBig"/>
    <property name="java.class.version" value="67.0"/>
  </properties>
  <testcase name="testApp" classname="com.example.AppTest" time="0.004"/>
</testsuite>